<?xml version="1.0" encoding="UTF-8"?>
<!-- Generated by org.testng.reporters.JUnitXMLReporter -->
<testsuite hostname="LAPTOP-7DBAMAAT" ignored="0" name="Default test" tests="3" failures="0" timestamp="2022-07-31T12:03:20 IST" time="26.478" errors="0">
  <testcase name="openUrl" time="22.084" classname="zerodhaTestapp.Zerodha"/>
  <testcase name="login" time="2.227" classname="zerodhaTestapp.Zerodha"/>
  <testcase name="authorization" time="2.134" classname="zerodhaTestapp.Zerodha"/>
</testsuite> <!-- Default test -->
